Arguments: 
  /Users/Reaksa/.nvm/versions/node/v14.3.0/bin/node /usr/local/Cellar/yarn/1.22.10/libexec/bin/yarn.js add gem devise_token_auth

PATH: 
  /Users/Reaksa/.rvm/gems/ruby-2.5.1/bin:/Users/Reaksa/.rvm/gems/ruby-2.5.1@global/bin:/Users/Reaksa/.rvm/rubies/ruby-2.5.1/bin:/Users/Reaksa/.rvm/bin:/Users/Reaksa/.nvm/versions/node/v14.3.0/bin:/usr/local/bin:/usr/bin:/bin:/usr/sbin:/sbin:/Library/TeX/texbin:/Library/Apple/usr/bin

Yarn version: 
  1.22.10

Node version: 
  14.3.0

Platform: 
  darwin x64

Trace: 
  Error: https://registry.yarnpkg.com/devise_token_auth: Not found
      at Request.params.callback [as _callback] (/usr/local/Cellar/yarn/1.22.10/libexec/lib/cli.js:66988:18)
      at Request.self.callback (/usr/local/Cellar/yarn/1.22.10/libexec/lib/cli.js:140749:22)
      at Request.emit (events.js:315:20)
      at Request.<anonymous> (/usr/local/Cellar/yarn/1.22.10/libexec/lib/cli.js:141721:10)
      at Request.emit (events.js:315:20)
      at IncomingMessage.<anonymous> (/usr/local/Cellar/yarn/1.22.10/libexec/lib/cli.js:141643:12)
      at Object.onceWrapper (events.js:421:28)
      at IncomingMessage.emit (events.js:327:22)
      at endReadableNT (_stream_readable.js:1224:12)
      at processTicksAndRejections (internal/process/task_queues.js:84:21)

npm manifest: 
  No manifest

yarn manifest: 
  No manifest

Lockfile: 
  No lockfile
